2017/07/06 21:10:29 [INFO][qshell] qupload.go:203: Listing local sync dir, this can take a long time, please wait patiently ...
2017/07/06 21:10:29 [INFO][qshell] qupload.go:570: Put file `F:\h5frontend\h5-fe\dist\0.f2820c8.js` => `0.f2820c8.js` success
2017/07/06 21:10:29 [INFO][qshell] qupload.go:570: Put file `F:\h5frontend\h5-fe\dist\1.d8df128.js` => `1.d8df128.js` success
2017/07/06 21:10:29 [INFO][qshell] qupload.go:570: Put file `F:\h5frontend\h5-fe\dist\2.dd8e9a1.js` => `2.dd8e9a1.js` success
2017/07/06 21:10:29 [INFO][qshell] qupload.go:570: Put file `F:\h5frontend\h5-fe\dist\3.ffe3009.js` => `3.ffe3009.js` success
2017/07/06 21:10:29 [INFO][qshell] qupload.go:570: Put file `F:\h5frontend\h5-fe\dist\IDLinquire.48c4c47.js` => `IDLinquire.48c4c47.js` success
2017/07/06 21:10:29 [INFO][qshell] qupload.go:570: Put file `F:\h5frontend\h5-fe\dist\NZTAapply.2ce28a7.js` => `NZTAapply.2ce28a7.js` success
2017/07/06 21:10:30 [INFO][qshell] qupload.go:570: Put file `F:\h5frontend\h5-fe\dist\app.643df5c.js` => `app.643df5c.js` success
2017/07/06 21:10:30 [INFO][qshell] qupload.go:570: Put file `F:\h5frontend\h5-fe\dist\bankOrder.7a3cb24.js` => `bankOrder.7a3cb24.js` success
2017/07/06 21:10:30 [INFO][qshell] qupload.go:570: Put file `F:\h5frontend\h5-fe\dist\carProof.7c51e6d.js` => `carProof.7c51e6d.js` success
2017/07/06 21:10:30 [INFO][qshell] qupload.go:570: Put file `F:\h5frontend\h5-fe\dist\goodDriveLicence.145c1b4.js` => `goodDriveLicence.145c1b4.js` success
2017/07/06 21:10:30 [INFO][qshell] qupload.go:570: Put file `F:\h5frontend\h5-fe\dist\order\OrderVoucher.html` => `order/OrderVoucher.html` success
2017/07/06 21:10:30 [INFO][qshell] qupload.go:570: Put file `F:\h5frontend\h5-fe\dist\page\IDLinquire.html` => `page/IDLinquire.html` success
2017/07/06 21:10:30 [INFO][qshell] qupload.go:570: Put file `F:\h5frontend\h5-fe\dist\page\NZTAapply.html` => `page/NZTAapply.html` success
2017/07/06 21:10:30 [INFO][qshell] qupload.go:570: Put file `F:\h5frontend\h5-fe\dist\page\bankOrder.html` => `page/bankOrder.html` success
2017/07/06 21:10:30 [INFO][qshell] qupload.go:570: Put file `F:\h5frontend\h5-fe\dist\page\goodDriveLicence.html` => `page/goodDriveLicence.html` success
2017/07/06 21:10:30 [INFO][qshell] qupload.go:570: Put file `F:\h5frontend\h5-fe\dist\page\test.html` => `page/test.html` success
2017/07/06 21:10:30 [INFO][qshell] qupload.go:570: Put file `F:\h5frontend\h5-fe\dist\static\accident.35982a7.png` => `static/accident.35982a7.png` success
2017/07/06 21:10:31 [INFO][qshell] qupload.go:570: Put file `F:\h5frontend\h5-fe\dist\static\buggage.12c5415.png` => `static/buggage.12c5415.png` success
2017/07/06 21:10:31 [INFO][qshell] qupload.go:570: Put file `F:\h5frontend\h5-fe\dist\static\driverInsurance.70178c2.png` => `static/driverInsurance.70178c2.png` success
2017/07/06 21:10:31 [INFO][qshell] qupload.go:570: Put file `F:\h5frontend\h5-fe\dist\static\emergency.3fb37ee.png` => `static/emergency.3fb37ee.png` success
2017/07/06 21:10:31 [INFO][qshell] qupload.go:570: Put file `F:\h5frontend\h5-fe\dist\static\logo@2x.aa3cd3b.png` => `static/logo@2x.aa3cd3b.png` success
2017/07/06 21:10:31 [INFO][qshell] qupload.go:570: Put file `F:\h5frontend\h5-fe\dist\static\pic.89c7f5d.png` => `static/pic.89c7f5d.png` success
2017/07/06 21:10:31 [INFO][qshell] qupload.go:570: Put file `F:\h5frontend\h5-fe\dist\static\verificaton@2x.7d86e5e.png` => `static/verificaton@2x.7d86e5e.png` success
2017/07/06 21:10:32 [INFO][qshell] qupload.go:570: Put file `F:\h5frontend\h5-fe\dist\vendor.4059920.js` => `vendor.4059920.js` success
